<?xml version="1.0" encoding="UTF-8"?>
<testng-results ignored="0" total="2" passed="2" failed="0" skipped="0">
  <reporter-output>
  </reporter-output>
  <suite started-at="2023-03-09T15:39:30 IST" name="Suite" finished-at="2023-03-09T15:40:46 IST" duration-ms="76918">
    <groups>
    </groups>
    <test started-at="2023-03-09T15:39:30 IST" name="Test_Chrome" finished-at="2023-03-09T15:39:50 IST" duration-ms="20819">
      <class name="com.Test.Login_Test1">
        <test-method is-config="true" signature="setUp(java.lang.String)[pri:0, instance:com.Test.Login_Test1@1ca3b418]" started-at="2023-03-09T15:39:30 IST" name="setUp" finished-at="2023-03-09T15:39:50 IST" duration-ms="20350" status="PASS">
          <params>
            <param index="0">
              <value>
                <![CDATA[Chrome]]>
              </value>
            </param>
          </params>
          <reporter-output>
          </reporter-output>
        </test-method> <!-- setUp -->
        <test-method signature="verify_LoginPage()[pri:0, instance:com.Test.Login_Test1@1ca3b418]" started-at="2023-03-09T15:39:50 IST" name="verify_LoginPage" finished-at="2023-03-09T15:39:50 IST" duration-ms="423" status="PASS">
          <reporter-output>
          </reporter-output>
        </test-method> <!-- verify_LoginPage -->
      </class> <!-- com.Test.Login_Test1 -->
    </test> <!-- Test_Chrome -->
    <test started-at="2023-03-09T15:39:51 IST" name="Test_Edge" finished-at="2023-03-09T15:40:46 IST" duration-ms="55838">
      <class name="com.Test.Login_Test1">
        <test-method is-config="true" signature="initialzation()[pri:0, instance:com.Test.Login_Test1@4681c175]" started-at="2023-03-09T15:39:30 IST" name="initialzation" finished-at="2023-03-09T15:39:30 IST" duration-ms="40" status="PASS">
          <reporter-output>
          </reporter-output>
        </test-method> <!-- initialzation -->
        <test-method is-config="true" signature="setUp(java.lang.String)[pri:0, instance:com.Test.Login_Test1@4681c175]" started-at="2023-03-09T15:39:51 IST" name="setUp" finished-at="2023-03-09T15:40:40 IST" duration-ms="49161" status="PASS">
          <params>
            <param index="0">
              <value>
                <![CDATA[Edge]]>
              </value>
            </param>
          </params>
          <reporter-output>
          </reporter-output>
        </test-method> <!-- setUp -->
        <test-method signature="verify_LoginPage()[pri:0, instance:com.Test.Login_Test1@4681c175]" started-at="2023-03-09T15:40:40 IST" name="verify_LoginPage" finished-at="2023-03-09T15:40:46 IST" duration-ms="6671" status="PASS">
          <reporter-output>
          </reporter-output>
        </test-method> <!-- verify_LoginPage -->
      </class> <!-- com.Test.Login_Test1 -->
    </test> <!-- Test_Edge -->
  </suite> <!-- Suite -->
</testng-results>
